<?xml version="1.0" encoding="UTF-8"?>
<robot generator="Robot 6.1.1 (Python 3.7.8 on win32)" generated="20240528 11:52:29.918" rpa="false" schemaversion="4">
<suite id="s1" name="Telainicial" source="c:\Users\Andressa\Desktop\ProjetoNuBank\android\features\telainicial.robot">
<test id="s1-t1" name="Velidar o saldo da Conta do cliente BRENO FREITAS e seus botões" line="9">
<kw name="Abrir App" library="config" type="SETUP">
<kw name="Open Application" library="AppiumLibrary">
<arg>http://127.0.0.1:4723</arg>
<arg>automationName=${ANDROID_AUTOMATION_NAME}</arg>
<arg>platformName=${ANDROID_PLATFORM_NAME}</arg>
<arg>platformVersion=${ANDROID_PLATFORM_VERSION}</arg>
<arg>appPackage=${APP_PACKAGE}</arg>
<arg>appActivity=${APP_ACTIVITY}</arg>
<doc>Opens a new application to given Appium server.
Capabilities of appium server, Android and iOS,
Please check https://github.com/appium/appium/blob/master/docs/en/writing-running-appium/server-args.md
| *Option*            | *Man.* | *Description*     |
| remote_url          | Yes    | Appium server url |
| alias               | no     | alias             |
| strict_ssl          | No     | allows you to send commands to an invalid certificate host like a self-signed one. |</doc>
<status status="PASS" starttime="20240528 11:52:30.253" endtime="20240528 11:52:40.578"/>
</kw>
<status status="PASS" starttime="20240528 11:52:30.251" endtime="20240528 11:52:40.578"/>
</kw>
<kw name="Dado que acessei a tela principal do sistema do Nubank" library="nuBankPage">
<kw name="Click Element" library="AppiumLibrary">
<arg>${CLICAR_PARA_INICIAR}</arg>
<doc>Click element identified by `locator`.</doc>
<msg timestamp="20240528 11:52:40.588" level="INFO">Clicking element 'xpath=//android.widget.Button[@resource-id="android:id/button1"]'.</msg>
<msg timestamp="20240528 11:52:44.103" level="INFO">xpath criteria: //android.widget.Button[@resource-id="android:id/button1"]</msg>
<status status="PASS" starttime="20240528 11:52:40.581" endtime="20240528 11:52:44.103"/>
</kw>
<status status="PASS" starttime="20240528 11:52:40.579" endtime="20240528 11:52:44.104"/>
</kw>
<kw name="Quando acessar o valor que está na conta do cliente" library="nuBankPage">
<kw name="Esperar no elemento para clicar" library="commons">
<arg>${CONTA_BRENO}</arg>
<kw name="Wait Until Element Is Visible" library="AppiumLibrary">
<arg>${elemento}</arg>
<doc>Waits until element specified with `locator` is visible.</doc>
<msg timestamp="20240528 11:52:44.484" level="INFO">xpath criteria: //android.view.View[contains(@content-desc, 'Conta')]</msg>
<status status="PASS" starttime="20240528 11:52:44.107" endtime="20240528 11:52:44.485"/>
</kw>
<kw name="Click Element" library="AppiumLibrary">
<arg>${elemento}</arg>
<doc>Click element identified by `locator`.</doc>
<msg timestamp="20240528 11:52:44.489" level="INFO">Clicking element 'xpath=//android.view.View[contains(@content-desc, 'Conta')]'.</msg>
<msg timestamp="20240528 11:52:45.737" level="INFO">xpath criteria: //android.view.View[contains(@content-desc, 'Conta')]</msg>
<status status="PASS" starttime="20240528 11:52:44.485" endtime="20240528 11:52:45.737"/>
</kw>
<status status="PASS" starttime="20240528 11:52:44.106" endtime="20240528 11:52:45.738"/>
</kw>
<status status="PASS" starttime="20240528 11:52:44.105" endtime="20240528 11:52:45.738"/>
</kw>
<kw name="Então o usuário será direcionado para o histórico da conta e seus botões" library="nuBankPage">
<kw name="Element Should Be Visible" library="AppiumLibrary">
<arg>${SALDO_DISPONIVEL}</arg>
<doc>Verifies that element identified with locator is visible.</doc>
<msg timestamp="20240528 11:52:46.081" level="INFO">xpath criteria: //android.view.View[@content-desc,"Saldo disponível"]</msg>
<status status="PASS" starttime="20240528 11:52:45.740" endtime="20240528 11:52:46.082"/>
</kw>
<kw name="Element Should Be Visible" library="AppiumLibrary">
<arg>${DIM_GUARDADO}</arg>
<doc>Verifies that element identified with locator is visible.</doc>
<msg timestamp="20240528 11:52:46.403" level="INFO">xpath criteria: //android.view.View[@content-desc,"Dinheiro guardado R$ 240,02"]</msg>
<status status="PASS" starttime="20240528 11:52:46.082" endtime="20240528 11:52:46.404"/>
</kw>
<kw name="Element Should Be Visible" library="AppiumLibrary">
<arg>${REMDIMENTO_CONTA}</arg>
<doc>Verifies that element identified with locator is visible.</doc>
<msg timestamp="20240528 11:52:46.723" level="INFO">xpath criteria: //android.view.View[@content-desc,"Rendimento total da conta +R$ 0,20 este mês"]</msg>
<status status="PASS" starttime="20240528 11:52:46.404" endtime="20240528 11:52:46.723"/>
</kw>
<kw name="Element Should Be Visible" library="AppiumLibrary">
<arg>${BTN_DEPOSITAR}</arg>
<doc>Verifies that element identified with locator is visible.</doc>
<msg timestamp="20240528 11:52:46.988" level="INFO">xpath criteria: //android.widget.HorizontalScrollView/android.widget.Button[1]</msg>
<status status="PASS" starttime="20240528 11:52:46.723" endtime="20240528 11:52:46.988"/>
</kw>
<kw name="Element Should Be Visible" library="AppiumLibrary">
<arg>${BTN_PAGAR}</arg>
<doc>Verifies that element identified with locator is visible.</doc>
<msg timestamp="20240528 11:52:47.250" level="INFO">xpath criteria: //android.widget.HorizontalScrollView/android.widget.Button[2]</msg>
<status status="PASS" starttime="20240528 11:52:46.989" endtime="20240528 11:52:47.251"/>
</kw>
<kw name="Element Should Be Visible" library="AppiumLibrary">
<arg>${BTN_TRANSFERIR}</arg>
<doc>Verifies that element identified with locator is visible.</doc>
<msg timestamp="20240528 11:52:47.515" level="INFO">xpath criteria: //android.widget.HorizontalScrollView/android.widget.Button[3]</msg>
<status status="PASS" starttime="20240528 11:52:47.251" endtime="20240528 11:52:47.515"/>
</kw>
<kw name="Element Should Be Visible" library="AppiumLibrary">
<arg>${BTN_EMPRESTIMOS}</arg>
<doc>Verifies that element identified with locator is visible.</doc>
<msg timestamp="20240528 11:52:47.797" level="INFO">xpath criteria: //android.widget.HorizontalScrollView/android.widget.Button[4]</msg>
<status status="PASS" starttime="20240528 11:52:47.515" endtime="20240528 11:52:47.797"/>
</kw>
<kw name="Element Should Be Visible" library="AppiumLibrary">
<arg>${BTN_COBRAR}</arg>
<doc>Verifies that element identified with locator is visible.</doc>
<msg timestamp="20240528 11:52:48.058" level="INFO">xpath criteria: //android.widget.HorizontalScrollView/android.widget.Button[5]</msg>
<status status="PASS" starttime="20240528 11:52:47.797" endtime="20240528 11:52:48.059"/>
</kw>
<kw name="Element Should Be Visible" library="AppiumLibrary">
<arg>${TRANF_PATRICIA}</arg>
<doc>Verifies that element identified with locator is visible.</doc>
<msg timestamp="20240528 11:52:48.402" level="INFO">xpath criteria: //android.view.View[@content-desc,"Transferência enviada Ontem PATRICIA COSTA R$ 30,00 Pix"]</msg>
<status status="PASS" starttime="20240528 11:52:48.059" endtime="20240528 11:52:48.402"/>
</kw>
<kw name="Swipe By Percent" library="AppiumLibrary">
<arg>50</arg>
<arg>90</arg>
<arg>50</arg>
<arg>10</arg>
<doc>Swipe from one percent of the screen to another percent, for an optional duration.
Normal swipe fails to scale for different screen resolutions, this can be avoided using percent.</doc>
<status status="PASS" starttime="20240528 11:52:48.402" endtime="20240528 11:52:49.807"/>
</kw>
<kw name="Element Should Be Visible" library="AppiumLibrary">
<arg>${TRANF_JEY}</arg>
<doc>Verifies that element identified with locator is visible.</doc>
<msg timestamp="20240528 11:52:51.318" level="INFO">xpath criteria: //android.view.View[@content-desc,"Transferência recebida Ontem ANDRE JEY R$ 30,00 Pix"]</msg>
<status status="PASS" starttime="20240528 11:52:49.808" endtime="20240528 11:52:51.319"/>
</kw>
<kw name="Element Should Be Visible" library="AppiumLibrary">
<arg>${TRANF_ERIKO}</arg>
<doc>Verifies that element identified with locator is visible.</doc>
<msg timestamp="20240528 11:52:51.616" level="INFO">xpath criteria: //android.view.View[@content-desc,"Transferência recebida ERIKO BARBOSA R$ 30,00 Pix"]</msg>
<status status="PASS" starttime="20240528 11:52:51.319" endtime="20240528 11:52:51.617"/>
</kw>
<kw name="Element Should Be Visible" library="AppiumLibrary">
<arg>${TRANF_IVAN}</arg>
<doc>Verifies that element identified with locator is visible.</doc>
<msg timestamp="20240528 11:52:51.930" level="INFO">xpath criteria: //android.view.View[@content-desc,"Transferência recebida Ontem IVAN COELHO R$ 30,00 Pix"]</msg>
<status status="PASS" starttime="20240528 11:52:51.618" endtime="20240528 11:52:51.931"/>
</kw>
<status status="PASS" starttime="20240528 11:52:45.739" endtime="20240528 11:52:51.931"/>
</kw>
<kw name="Teardown" library="config" type="TEARDOWN">
<kw name="Run Keyword If Test Failed" library="BuiltIn">
<arg>Capture Page Screenshot</arg>
<doc>Runs the given keyword with the given arguments, if the test failed.</doc>
<status status="PASS" starttime="20240528 11:52:51.933" endtime="20240528 11:52:51.933"/>
</kw>
<kw name="Close All Applications" library="AppiumLibrary">
<doc>Closes all open applications.</doc>
<status status="PASS" starttime="20240528 11:52:51.934" endtime="20240528 11:52:52.873"/>
</kw>
<status status="PASS" starttime="20240528 11:52:51.932" endtime="20240528 11:52:52.874"/>
</kw>
<status status="PASS" starttime="20240528 11:52:30.250" endtime="20240528 11:52:52.874"/>
</test>
<status status="PASS" starttime="20240528 11:52:29.926" endtime="20240528 11:52:52.878"/>
</suite>
<statistics>
<total>
<stat pass="1" fail="0" skip="0">All Tests</stat>
</total>
<tag>
</tag>
<suite>
<stat pass="1" fail="0" skip="0" id="s1" name="Telainicial">Telainicial</stat>
</suite>
</statistics>
<errors>
</errors>
</robot>
